[2024-05-28T19:59:49.802-0400] {processor.py:161} INFO - Started process (PID=13784) to work on /mnt/c/Users/16473/projects/Dataeng-workshop-dsc/airflow-env/lib/python3.10/site-packages/airflow/example_dags/example_datasets.py
[2024-05-28T19:59:49.804-0400] {processor.py:830} INFO - Processing file /mnt/c/Users/16473/projects/Dataeng-workshop-dsc/airflow-env/lib/python3.10/site-packages/airflow/example_dags/example_datasets.py for tasks to queue
[2024-05-28T19:59:49.808-0400] {logging_mixin.py:188} INFO - [2024-05-28T19:59:49.807-0400] {dagbag.py:545} INFO - Filling up the DagBag from /mnt/c/Users/16473/projects/Dataeng-workshop-dsc/airflow-env/lib/python3.10/site-packages/airflow/example_dags/example_datasets.py
[2024-05-28T19:59:49.857-0400] {processor.py:840} INFO - DAG(s) 'conditional_dataset_and_time_based_timetable', 'dataset_produces_1', 'dataset_consumes_unknown_never_scheduled', 'consume_1_and_2_with_dataset_expressions', 'consume_1_or_both_2_and_3_with_dataset_expressions', 'dataset_consumes_1_and_2', 'dataset_consumes_1_never_scheduled', 'consume_1_or_2_with_dataset_expressions', 'dataset_produces_2', 'dataset_consumes_1' retrieved from /mnt/c/Users/16473/projects/Dataeng-workshop-dsc/airflow-env/lib/python3.10/site-packages/airflow/example_dags/example_datasets.py
[2024-05-28T19:59:50.966-0400] {logging_mixin.py:188} INFO - [2024-05-28T19:59:50.964-0400] {override.py:1829} INFO - Created Permission View: can edit on DAG:conditional_dataset_and_time_based_timetable
[2024-05-28T19:59:50.989-0400] {logging_mixin.py:188} INFO - [2024-05-28T19:59:50.987-0400] {override.py:1829} INFO - Created Permission View: can delete on DAG:conditional_dataset_and_time_based_timetable
[2024-05-28T19:59:51.005-0400] {logging_mixin.py:188} INFO - [2024-05-28T19:59:51.003-0400] {override.py:1829} INFO - Created Permission View: can read on DAG:conditional_dataset_and_time_based_timetable
[2024-05-28T19:59:51.036-0400] {logging_mixin.py:188} INFO - [2024-05-28T19:59:51.035-0400] {override.py:1829} INFO - Created Permission View: can edit on DAG:dataset_produces_1
[2024-05-28T19:59:51.051-0400] {logging_mixin.py:188} INFO - [2024-05-28T19:59:51.049-0400] {override.py:1829} INFO - Created Permission View: can delete on DAG:dataset_produces_1
[2024-05-28T19:59:51.067-0400] {logging_mixin.py:188} INFO - [2024-05-28T19:59:51.065-0400] {override.py:1829} INFO - Created Permission View: can read on DAG:dataset_produces_1
[2024-05-28T19:59:51.104-0400] {logging_mixin.py:188} INFO - [2024-05-28T19:59:51.102-0400] {override.py:1829} INFO - Created Permission View: can edit on DAG:dataset_consumes_unknown_never_scheduled
[2024-05-28T19:59:51.122-0400] {logging_mixin.py:188} INFO - [2024-05-28T19:59:51.120-0400] {override.py:1829} INFO - Created Permission View: can delete on DAG:dataset_consumes_unknown_never_scheduled
[2024-05-28T19:59:51.138-0400] {logging_mixin.py:188} INFO - [2024-05-28T19:59:51.136-0400] {override.py:1829} INFO - Created Permission View: can read on DAG:dataset_consumes_unknown_never_scheduled
[2024-05-28T19:59:51.175-0400] {logging_mixin.py:188} INFO - [2024-05-28T19:59:51.173-0400] {override.py:1829} INFO - Created Permission View: can edit on DAG:consume_1_and_2_with_dataset_expressions
[2024-05-28T19:59:51.194-0400] {logging_mixin.py:188} INFO - [2024-05-28T19:59:51.192-0400] {override.py:1829} INFO - Created Permission View: can delete on DAG:consume_1_and_2_with_dataset_expressions
[2024-05-28T19:59:51.213-0400] {logging_mixin.py:188} INFO - [2024-05-28T19:59:51.211-0400] {override.py:1829} INFO - Created Permission View: can read on DAG:consume_1_and_2_with_dataset_expressions
[2024-05-28T19:59:51.254-0400] {logging_mixin.py:188} INFO - [2024-05-28T19:59:51.252-0400] {override.py:1829} INFO - Created Permission View: can edit on DAG:consume_1_or_both_2_and_3_with_dataset_expressions
[2024-05-28T19:59:51.269-0400] {logging_mixin.py:188} INFO - [2024-05-28T19:59:51.267-0400] {override.py:1829} INFO - Created Permission View: can delete on DAG:consume_1_or_both_2_and_3_with_dataset_expressions
[2024-05-28T19:59:51.287-0400] {logging_mixin.py:188} INFO - [2024-05-28T19:59:51.284-0400] {override.py:1829} INFO - Created Permission View: can read on DAG:consume_1_or_both_2_and_3_with_dataset_expressions
[2024-05-28T19:59:51.323-0400] {logging_mixin.py:188} INFO - [2024-05-28T19:59:51.321-0400] {override.py:1829} INFO - Created Permission View: can edit on DAG:dataset_consumes_1_and_2
[2024-05-28T19:59:51.341-0400] {logging_mixin.py:188} INFO - [2024-05-28T19:59:51.338-0400] {override.py:1829} INFO - Created Permission View: can delete on DAG:dataset_consumes_1_and_2
[2024-05-28T19:59:51.359-0400] {logging_mixin.py:188} INFO - [2024-05-28T19:59:51.357-0400] {override.py:1829} INFO - Created Permission View: can read on DAG:dataset_consumes_1_and_2
[2024-05-28T19:59:51.394-0400] {logging_mixin.py:188} INFO - [2024-05-28T19:59:51.392-0400] {override.py:1829} INFO - Created Permission View: can edit on DAG:dataset_consumes_1_never_scheduled
[2024-05-28T19:59:51.411-0400] {logging_mixin.py:188} INFO - [2024-05-28T19:59:51.409-0400] {override.py:1829} INFO - Created Permission View: can delete on DAG:dataset_consumes_1_never_scheduled
[2024-05-28T19:59:51.428-0400] {logging_mixin.py:188} INFO - [2024-05-28T19:59:51.425-0400] {override.py:1829} INFO - Created Permission View: can read on DAG:dataset_consumes_1_never_scheduled
[2024-05-28T19:59:51.467-0400] {logging_mixin.py:188} INFO - [2024-05-28T19:59:51.465-0400] {override.py:1829} INFO - Created Permission View: can edit on DAG:consume_1_or_2_with_dataset_expressions
[2024-05-28T19:59:51.485-0400] {logging_mixin.py:188} INFO - [2024-05-28T19:59:51.483-0400] {override.py:1829} INFO - Created Permission View: can delete on DAG:consume_1_or_2_with_dataset_expressions
[2024-05-28T19:59:51.503-0400] {logging_mixin.py:188} INFO - [2024-05-28T19:59:51.501-0400] {override.py:1829} INFO - Created Permission View: can read on DAG:consume_1_or_2_with_dataset_expressions
[2024-05-28T19:59:51.539-0400] {logging_mixin.py:188} INFO - [2024-05-28T19:59:51.538-0400] {override.py:1829} INFO - Created Permission View: can edit on DAG:dataset_produces_2
[2024-05-28T19:59:51.555-0400] {logging_mixin.py:188} INFO - [2024-05-28T19:59:51.553-0400] {override.py:1829} INFO - Created Permission View: can delete on DAG:dataset_produces_2
[2024-05-28T19:59:51.575-0400] {logging_mixin.py:188} INFO - [2024-05-28T19:59:51.573-0400] {override.py:1829} INFO - Created Permission View: can read on DAG:dataset_produces_2
[2024-05-28T19:59:51.605-0400] {logging_mixin.py:188} INFO - [2024-05-28T19:59:51.603-0400] {override.py:1829} INFO - Created Permission View: can edit on DAG:dataset_consumes_1
[2024-05-28T19:59:51.624-0400] {logging_mixin.py:188} INFO - [2024-05-28T19:59:51.622-0400] {override.py:1829} INFO - Created Permission View: can delete on DAG:dataset_consumes_1
[2024-05-28T19:59:51.641-0400] {logging_mixin.py:188} INFO - [2024-05-28T19:59:51.639-0400] {override.py:1829} INFO - Created Permission View: can read on DAG:dataset_consumes_1
[2024-05-28T19:59:51.644-0400] {logging_mixin.py:188} INFO - [2024-05-28T19:59:51.643-0400] {dag.py:3096} INFO - Sync 10 DAGs
[2024-05-28T19:59:51.751-0400] {logging_mixin.py:188} INFO - [2024-05-28T19:59:51.749-0400] {dag.py:3118} INFO - Creating ORM DAG for dataset_consumes_1
[2024-05-28T19:59:51.756-0400] {logging_mixin.py:188} INFO - [2024-05-28T19:59:51.754-0400] {dag.py:3118} INFO - Creating ORM DAG for dataset_produces_1
[2024-05-28T19:59:51.760-0400] {logging_mixin.py:188} INFO - [2024-05-28T19:59:51.758-0400] {dag.py:3118} INFO - Creating ORM DAG for consume_1_and_2_with_dataset_expressions
[2024-05-28T19:59:51.764-0400] {logging_mixin.py:188} INFO - [2024-05-28T19:59:51.762-0400] {dag.py:3118} INFO - Creating ORM DAG for consume_1_or_both_2_and_3_with_dataset_expressions
[2024-05-28T19:59:51.768-0400] {logging_mixin.py:188} INFO - [2024-05-28T19:59:51.766-0400] {dag.py:3118} INFO - Creating ORM DAG for consume_1_or_2_with_dataset_expressions
[2024-05-28T19:59:51.771-0400] {logging_mixin.py:188} INFO - [2024-05-28T19:59:51.769-0400] {dag.py:3118} INFO - Creating ORM DAG for dataset_consumes_unknown_never_scheduled
[2024-05-28T19:59:51.774-0400] {logging_mixin.py:188} INFO - [2024-05-28T19:59:51.773-0400] {dag.py:3118} INFO - Creating ORM DAG for conditional_dataset_and_time_based_timetable
[2024-05-28T19:59:51.776-0400] {logging_mixin.py:188} INFO - [2024-05-28T19:59:51.775-0400] {dag.py:3118} INFO - Creating ORM DAG for dataset_consumes_1_and_2
[2024-05-28T19:59:51.779-0400] {logging_mixin.py:188} INFO - [2024-05-28T19:59:51.778-0400] {dag.py:3118} INFO - Creating ORM DAG for dataset_consumes_1_never_scheduled
[2024-05-28T19:59:51.782-0400] {logging_mixin.py:188} INFO - [2024-05-28T19:59:51.781-0400] {dag.py:3118} INFO - Creating ORM DAG for dataset_produces_2
[2024-05-28T19:59:51.793-0400] {logging_mixin.py:188} INFO - [2024-05-28T19:59:51.791-0400] {dag.py:3954} INFO - Setting next_dagrun for conditional_dataset_and_time_based_timetable to 2024-05-22 01:00:00+00:00, run_after=2024-05-22 01:00:00+00:00
[2024-05-28T19:59:51.797-0400] {logging_mixin.py:188} INFO - [2024-05-28T19:59:51.796-0400] {dag.py:3954} INFO - Setting next_dagrun for consume_1_and_2_with_dataset_expressions to None, run_after=None
[2024-05-28T19:59:51.801-0400] {logging_mixin.py:188} INFO - [2024-05-28T19:59:51.799-0400] {dag.py:3954} INFO - Setting next_dagrun for consume_1_or_2_with_dataset_expressions to None, run_after=None
[2024-05-28T19:59:51.805-0400] {logging_mixin.py:188} INFO - [2024-05-28T19:59:51.803-0400] {dag.py:3954} INFO - Setting next_dagrun for consume_1_or_both_2_and_3_with_dataset_expressions to None, run_after=None
[2024-05-28T19:59:51.808-0400] {logging_mixin.py:188} INFO - [2024-05-28T19:59:51.806-0400] {dag.py:3954} INFO - Setting next_dagrun for dataset_consumes_1 to None, run_after=None
[2024-05-28T19:59:51.810-0400] {logging_mixin.py:188} INFO - [2024-05-28T19:59:51.809-0400] {dag.py:3954} INFO - Setting next_dagrun for dataset_consumes_1_and_2 to None, run_after=None
[2024-05-28T19:59:51.813-0400] {logging_mixin.py:188} INFO - [2024-05-28T19:59:51.812-0400] {dag.py:3954} INFO - Setting next_dagrun for dataset_consumes_1_never_scheduled to None, run_after=None
[2024-05-28T19:59:51.816-0400] {logging_mixin.py:188} INFO - [2024-05-28T19:59:51.814-0400] {dag.py:3954} INFO - Setting next_dagrun for dataset_consumes_unknown_never_scheduled to None, run_after=None
[2024-05-28T19:59:51.819-0400] {logging_mixin.py:188} INFO - [2024-05-28T19:59:51.818-0400] {dag.py:3954} INFO - Setting next_dagrun for dataset_produces_1 to 2024-05-27 00:00:00+00:00, run_after=2024-05-28 00:00:00+00:00
[2024-05-28T19:59:51.821-0400] {logging_mixin.py:188} INFO - [2024-05-28T19:59:51.820-0400] {dag.py:3954} INFO - Setting next_dagrun for dataset_produces_2 to None, run_after=None
[2024-05-28T19:59:51.893-0400] {processor.py:183} INFO - Processing /mnt/c/Users/16473/projects/Dataeng-workshop-dsc/airflow-env/lib/python3.10/site-packages/airflow/example_dags/example_datasets.py took 2.109 seconds
